<?xml version="1.0" encoding="UTF-8"?>
<!-- Generated by org.testng.reporters.JUnitXMLReporter -->
<testsuite hostname="Srinath" name="Test-2" tests="1" failures="0" timestamp="15 May 2022 14:46:31 GMT" time="34.753" errors="0">
  <testcase name="TC1" time="22.519" classname="listeners.TestNg_Parallel"/>
</testsuite> <!-- Test-2 -->
