<?xml version="1.0" encoding="UTF-8"?>
<!-- Generated by org.testng.reporters.JUnitXMLReporter -->
<testsuite hostname="Srinath" name="Test-1" tests="1" failures="0" timestamp="15 May 2022 14:46:28 GMT" time="32.043" errors="0">
  <testcase name="TC1" time="20.917" classname="listeners.TestNg_Parallel"/>
</testsuite> <!-- Test-1 -->
