<?xml version="1.0" encoding="UTF-8"?>
<!-- Generated by org.testng.reporters.JUnitReportReporter -->
<testsuite hostname="Srinath" name="testNG.PriorityTest" tests="7" failures="0" timestamp="8 Jun 2022 13:21:05 GMT" time="0.012" errors="0">
  <testcase name="b" time="0.000" classname="testNG.PriorityTest"/>
  <testcase name="E" time="0.001" classname="testNG.PriorityTest"/>
  <testcase name="c" time="0.009" classname="testNG.PriorityTest"/>
  <testcase name="e" time="0.001" classname="testNG.PriorityTest"/>
  <testcase name="a" time="0.000" classname="testNG.PriorityTest"/>
  <testcase name="d" time="0.000" classname="testNG.PriorityTest"/>
  <testcase name="f" time="0.001" classname="testNG.PriorityTest"/>
</testsuite> <!-- testNG.PriorityTest -->
