<?xml version="1.0" encoding="UTF-8"?>
<!-- Generated by org.testng.reporters.JUnitReportReporter -->
<testsuite hostname="Srinath" name="testNG.BrowserTest_TestNG" tests="1" failures="0" timestamp="14 May 2022 23:59:32 GMT" time="3.310" errors="0">
  <testcase name="TC1" time="3.310" classname="testNG.BrowserTest_TestNG"/>
</testsuite> <!-- testNG.BrowserTest_TestNG -->
