<?xml version="1.0" encoding="UTF-8"?>
<!-- Generated by org.testng.reporters.JUnitReportReporter -->
<testsuite hostname="Srinath" name="listeners.TestNg_ListenerTC3" tests="2" failures="0" timestamp="15 May 2022 19:26:18 GMT" time="8.454" errors="0">
  <testcase name="TC2" time="4.074" classname="listeners.TestNg_ListenerTC3"/>
  <testcase name="TC1" time="4.380" classname="listeners.TestNg_ListenerTC3"/>
</testsuite> <!-- listeners.TestNg_ListenerTC3 -->
