<?xml version="1.0" encoding="UTF-8"?>
<!-- Generated by org.testng.reporters.JUnitReportReporter -->
<testsuite hostname="Srinath" name="testNG.TestNG_Project" tests="1" failures="0" timestamp="6 Jun 2022 20:45:08 GMT" time="3.101" errors="0">
  <testcase name="f" time="3.101" classname="testNG.TestNG_Project"/>
</testsuite> <!-- testNG.TestNG_Project -->
