<?xml version="1.0" encoding="UTF-8"?>
<!-- Generated by org.testng.reporters.JUnitReportReporter -->
<testsuite hostname="Srinath" name="testNG.FirstTest" tests="1" failures="0" timestamp="7 Jun 2022 18:24:05 GMT" time="5.459" errors="0">
  <testcase name="f" time="5.459" classname="testNG.FirstTest"/>
</testsuite> <!-- testNG.FirstTest -->
