<?xml version="1.0" encoding="UTF-8"?>
<!-- Generated by org.testng.reporters.JUnitReportReporter -->
<testsuite hostname="Srinath" name="listeners.TestNg_Parallel" tests="2" failures="0" timestamp="15 May 2022 14:46:31 GMT" time="43.436" errors="0">
  <testcase name="TC1" time="22.519" classname="listeners.TestNg_Parallel"/>
  <testcase name="TC1" time="20.917" classname="listeners.TestNg_Parallel"/>
</testsuite> <!-- listeners.TestNg_Parallel -->
