<?xml version="1.0" encoding="UTF-8"?>
<!-- Generated by org.testng.reporters.JUnitReportReporter -->
<testsuite hostname="Srinath" name="testNG.NewTest" tests="1" failures="0" timestamp="7 Jun 2022 15:01:36 GMT" time="0.015" errors="0">
  <testcase name="f" time="0.015" classname="testNG.NewTest"/>
</testsuite> <!-- testNG.NewTest -->
