<?xml version="1.0" encoding="UTF-8"?>
<!-- Generated by org.testng.reporters.JUnitReportReporter -->
<testsuite hostname="Srinath" name="testNG.ThirdTest" tests="9" failures="0" timestamp="7 Jun 2022 13:52:43 GMT" time="0.018" errors="0">
  <testcase name="e1" time="0.001" classname="testNG.ThirdTest"/>
  <testcase name="f" time="0.001" classname="testNG.ThirdTest"/>
  <testcase name="f" time="0.002" classname="testNG.ThirdTest"/>
  <testcase name="e" time="0.002" classname="testNG.ThirdTest"/>
  <testcase name="g" time="0.002" classname="testNG.ThirdTest"/>
  <testcase name="b" time="0.006" classname="testNG.ThirdTest"/>
  <testcase name="z" time="0.002" classname="testNG.ThirdTest"/>
  <testcase name="e" time="0.001" classname="testNG.ThirdTest"/>
  <testcase name="e0" time="0.001" classname="testNG.ThirdTest"/>
</testsuite> <!-- testNG.ThirdTest -->
