<?xml version="1.0" encoding="UTF-8"?>
<!-- Generated by org.testng.reporters.JUnitReportReporter -->
<testsuite hostname="Srinath" name="testNG.SecondTest" tests="1" failures="0" timestamp="7 Jun 2022 18:24:05 GMT" time="8.092" errors="0">
  <testcase name="f" time="8.092" classname="testNG.SecondTest"/>
</testsuite> <!-- testNG.SecondTest -->
