<?xml version="1.0" encoding="UTF-8"?>
<!-- Generated by org.testng.reporters.JUnitReportReporter -->
<testsuite hostname="Srinath" name="testNG.ParameterTest" tests="1" failures="0" timestamp="7 Jun 2022 18:28:32 GMT" time="0.009" errors="0">
  <testcase name="Sum" time="0.009" classname="testNG.ParameterTest"/>
</testsuite> <!-- testNG.ParameterTest -->
