<?xml version="1.0" encoding="UTF-8"?>
<!-- Generated by org.testng.reporters.JUnitReportReporter -->
<testsuite hostname="Srinath" name="testNG.DataProviderTest" tests="10" failures="0" timestamp="13 Jun 2022 18:07:04 GMT" time="0.011" errors="0">
  <testcase name="f4" time="0.000" classname="testNG.DataProviderTest"/>
  <testcase name="f2" time="0.000" classname="testNG.DataProviderTest"/>
  <testcase name="f1" time="0.001" classname="testNG.DataProviderTest"/>
  <testcase name="f2" time="0.001" classname="testNG.DataProviderTest"/>
  <testcase name="f1" time="0.007" classname="testNG.DataProviderTest"/>
  <testcase name="f3" time="0.000" classname="testNG.DataProviderTest"/>
  <testcase name="f3" time="0.001" classname="testNG.DataProviderTest"/>
  <testcase name="f2" time="0.000" classname="testNG.DataProviderTest"/>
  <testcase name="f1" time="0.001" classname="testNG.DataProviderTest"/>
  <testcase name="f2" time="0.000" classname="testNG.DataProviderTest"/>
</testsuite> <!-- testNG.DataProviderTest -->
