<?xml version="1.0" encoding="UTF-8"?>
<!-- Generated by org.testng.reporters.JUnitReportReporter -->
<testsuite hostname="Srinath" name="testNG.AnnotationSequence" tests="1" failures="0" timestamp="7 Jun 2022 14:04:11 GMT" time="0.006" errors="0">
  <testcase name="main" time="0.006" classname="testNG.AnnotationSequence"/>
</testsuite> <!-- testNG.AnnotationSequence -->
